\BOOKMARK [0][-]{Doc-Start}{ABSTRACT}{}% 1
\BOOKMARK [0][-]{chapter*.1}{\326Z}{}% 2
\BOOKMARK [0][-]{chapter*.3}{ACKNOWLEDGMENTS}{}% 3
\BOOKMARK [0][-]{chapter*.4}{TABLE OF CONTENTS}{}% 4
\BOOKMARK [0][-]{chapter*.5}{LIST OF TABLES}{}% 5
\BOOKMARK [0][-]{chapter*.6}{LIST OF FIGURES}{}% 6
\BOOKMARK [0][-]{chapter*.7}{LIST OF ABBREVIATIONS}{}% 7
\BOOKMARK [0][-]{chapter*.8}{LIST OF SYMBOLS}{}% 8
\BOOKMARK [0][-]{chapter.1}{INTRODUCTION}{}% 9
\BOOKMARK [1][-]{section.1.1}{Global Renewable Energy Status}{chapter.1}% 10
\BOOKMARK [2][-]{subsection.1.1.1}{EU 2020 Goals}{section.1.1}% 11
\BOOKMARK [2][-]{subsection.1.1.2}{Wind Energy Status}{section.1.1}% 12
\BOOKMARK [1][-]{section.1.2}{Global Renewable Energy Future}{chapter.1}% 13
\BOOKMARK [1][-]{section.1.3}{Renewable Energy Problems}{chapter.1}% 14
\BOOKMARK [1][-]{section.1.4}{Literature Review}{chapter.1}% 15
\BOOKMARK [1][-]{section.1.5}{Thesis Motivation}{chapter.1}% 16
\BOOKMARK [1][-]{section.1.6}{Thesis Outline}{chapter.1}% 17
\BOOKMARK [0][-]{chapter.2}{POWER SYSTEM FREQUENCY STABILITY}{}% 18
\BOOKMARK [1][-]{section.2.1}{Synchronous Generator and Synchronous Speed}{chapter.2}% 19
\BOOKMARK [1][-]{section.2.2}{Swing Equation}{chapter.2}% 20
\BOOKMARK [1][-]{section.2.3}{Frequency in Power Systems}{chapter.2}% 21
\BOOKMARK [2][-]{subsection.2.3.1}{Primary Frequency Control}{section.2.3}% 22
\BOOKMARK [2][-]{subsection.2.3.2}{Secondary and Tertiary Control}{section.2.3}% 23
\BOOKMARK [0][-]{chapter.3}{WIND TURBINE MODELLING}{}% 24
\BOOKMARK [1][-]{section.3.1}{Variable Speed PMSG Wind Turbines}{chapter.3}% 25
\BOOKMARK [2][-]{subsection.3.1.1}{Aerodynamic Model}{section.3.1}% 26
\BOOKMARK [3][-]{subsubsection.3.1.1.1}{Maximum Power Point Tracking Algorithms}{subsection.3.1.1}% 27
\BOOKMARK [3][-]{subsubsection.3.1.1.2}{Pitch Angle Control}{subsection.3.1.1}% 28
\BOOKMARK [2][-]{subsection.3.1.2}{Gearbox}{section.3.1}% 29
\BOOKMARK [2][-]{subsection.3.1.3}{Permanent Magnet Synchronous Generator}{section.3.1}% 30
\BOOKMARK [2][-]{subsection.3.1.4}{Machine Side Converter}{section.3.1}% 31
\BOOKMARK [2][-]{subsection.3.1.5}{Grid Side Converter}{section.3.1}% 32
\BOOKMARK [1][-]{section.3.2}{Synthetic Inertia Implementation}{chapter.3}% 33
\BOOKMARK [2][-]{subsection.3.2.1}{Synthetic Inertia Activation Schemes}{section.3.2}% 34
\BOOKMARK [2][-]{subsection.3.2.2}{Source of the Inertial Support}{section.3.2}% 35
\BOOKMARK [0][-]{chapter.4}{INVESTIGATION OF INERTIAL SUPPORT PRACTICAL LIMITS}{}% 36
\BOOKMARK [1][-]{section.4.1}{Inertial Support Limits}{chapter.4}% 37
\BOOKMARK [1][-]{section.4.2}{Inertial Support Under Different Wind Speeds}{chapter.4}% 38
\BOOKMARK [2][-]{subsection.4.2.1}{Low Wind Scenario}{section.4.2}% 39
\BOOKMARK [3][-]{subsubsection.4.2.1.1}{Active Power Limit in Low Wind Scenario}{subsection.4.2.1}% 40
\BOOKMARK [3][-]{subsubsection.4.2.1.2}{Active Power in Low Wind Scenario}{subsection.4.2.1}% 41
\BOOKMARK [2][-]{subsection.4.2.2}{Medium Wind Scenario}{section.4.2}% 42
\BOOKMARK [3][-]{subsubsection.4.2.2.1}{Active Power in Medium Wind Scenario}{subsection.4.2.2}% 43
\BOOKMARK [3][-]{subsubsection.4.2.2.2}{Generator Speed, Turbine and Generator Torques in Medium Wind Scenario}{subsection.4.2.2}% 44
\BOOKMARK [3][-]{subsubsection.4.2.2.3}{DC-Link Voltage in Medium Wind Scenario}{subsection.4.2.2}% 45
\BOOKMARK [2][-]{subsection.4.2.3}{High Wind Scenario}{section.4.2}% 46
\BOOKMARK [3][-]{subsubsection.4.2.3.1}{Active Power in High Wind Scenario}{subsection.4.2.3}% 47
\BOOKMARK [3][-]{subsubsection.4.2.3.2}{Generator Speed, Turbine and Generator Torques in High Wind Scenario}{subsection.4.2.3}% 48
\BOOKMARK [3][-]{subsubsection.4.2.3.3}{DC-Link Voltage in High Wind Scenario}{subsection.4.2.3}% 49
\BOOKMARK [0][-]{chapter.5}{VALIDATION IN TEST CASE}{}% 50
\BOOKMARK [1][-]{section.5.1}{P.M.Anderson 9 Bus Test Case}{chapter.5}% 51
\BOOKMARK [2][-]{subsection.5.1.1}{System Properties}{section.5.1}% 52
\BOOKMARK [2][-]{subsection.5.1.2}{Load Flow Analysis for Base Case}{section.5.1}% 53
\BOOKMARK [2][-]{subsection.5.1.3}{Base Case Frequency Response for Additional Load Connection}{section.5.1}% 54
\BOOKMARK [1][-]{section.5.2}{Modified Case}{chapter.5}% 55
\BOOKMARK [2][-]{subsection.5.2.1}{Load Flow Analysis for Modified Case}{section.5.2}% 56
\BOOKMARK [2][-]{subsection.5.2.2}{Modified Case Frequency Response for Additional Load Connection}{section.5.2}% 57
\BOOKMARK [1][-]{section.5.3}{Decommissioned Case}{chapter.5}% 58
\BOOKMARK [2][-]{subsection.5.3.1}{Load Flow Analysis for Decommissioned Case}{section.5.3}% 59
\BOOKMARK [2][-]{subsection.5.3.2}{Decommissioned Case Frequency Response for Additional Load Connection}{section.5.3}% 60
\BOOKMARK [0][-]{chapter.6}{EVALUATION OF FAST INERTIAL RESPONSE AND SYNTHETIC INERTIA IMPLEMENTATION}{}% 61
\BOOKMARK [1][-]{section.6.1}{FAST INERTIAL RESPONSE}{chapter.6}% 62
\BOOKMARK [1][-]{section.6.2}{SYNTHETIC INERTIA IMPLEMENTATION}{chapter.6}% 63
\BOOKMARK [1][-]{section.6.3}{FUTURE WORK}{chapter.6}% 64
\BOOKMARK [0][-]{chapter*.65}{REFERENCES}{}% 65
\BOOKMARK [0][-]{appendix.A}{Ek A }{}% 66
\BOOKMARK [1][-]{section.A.1}{\326rnek K\232s\232m}{appendix.A}% 67
